[2023-09-07T10:04:30.783+0900] {taskinstance.py:1159} INFO - Dependencies all met for dep_context=non-requeueable deps ti=<TaskInstance: sample_dag.print_hello_task scheduled__2023-09-06T00:00:00+00:00 [queued]>
[2023-09-07T10:04:30.785+0900] {taskinstance.py:1159} INFO - Dependencies all met for dep_context=requeueable deps ti=<TaskInstance: sample_dag.print_hello_task scheduled__2023-09-06T00:00:00+00:00 [queued]>
[2023-09-07T10:04:30.785+0900] {taskinstance.py:1361} INFO - Starting attempt 1 of 1
[2023-09-07T10:04:30.793+0900] {taskinstance.py:1382} INFO - Executing <Task(PythonOperator): print_hello_task> on 2023-09-06 00:00:00+00:00
[2023-09-07T10:04:30.795+0900] {standard_task_runner.py:57} INFO - Started process 14838 to run task
[2023-09-07T10:04:30.800+0900] {standard_task_runner.py:84} INFO - Running: ['airflow', 'tasks', 'run', 'sample_dag', 'print_hello_task', 'scheduled__2023-09-06T00:00:00+00:00', '--job-id', '17', '--raw', '--subdir', 'DAGS_FOLDER/my_first_dag.py', '--cfg-path', '/var/folders/6z/txp71s3x4xdgbkrqmmm6vvrc0000gn/T/tmpdtxc0zdu']
[2023-09-07T10:04:30.805+0900] {standard_task_runner.py:85} INFO - Job 17: Subtask print_hello_task
[2023-09-07T10:04:30.830+0900] {task_command.py:415} INFO - Running <TaskInstance: sample_dag.print_hello_task scheduled__2023-09-06T00:00:00+00:00 [running]> on host sangwanui-macbookpro.local
[2023-09-07T10:04:30.861+0900] {taskinstance.py:1660} INFO - Exporting env vars: AIRFLOW_CTX_DAG_OWNER='airflow' AIRFLOW_CTX_DAG_ID='sample_dag' AIRFLOW_CTX_TASK_ID='print_hello_task' AIRFLOW_CTX_EXECUTION_DATE='2023-09-06T00:00:00+00:00' AIRFLOW_CTX_TRY_NUMBER='1' AIRFLOW_CTX_DAG_RUN_ID='scheduled__2023-09-06T00:00:00+00:00'
[2023-09-07T10:04:30.862+0900] {logging_mixin.py:151} INFO - What's up Airflow!
[2023-09-07T10:04:30.862+0900] {python.py:194} INFO - Done. Returned value was: None
[2023-09-07T10:04:30.866+0900] {taskinstance.py:1400} INFO - Marking task as SUCCESS. dag_id=sample_dag, task_id=print_hello_task, execution_date=20230906T000000, start_date=20230907T010430, end_date=20230907T010430
[2023-09-07T10:04:30.902+0900] {local_task_job_runner.py:228} INFO - Task exited with return code 0
[2023-09-07T10:04:30.909+0900] {taskinstance.py:2784} INFO - 0 downstream tasks scheduled from follow-on schedule check
[2023-09-07T10:36:36.085+0900] {taskinstance.py:1159} INFO - Dependencies all met for dep_context=non-requeueable deps ti=<TaskInstance: sample_dag.print_hello_task scheduled__2023-09-06T00:00:00+00:00 [queued]>
[2023-09-07T10:36:36.087+0900] {taskinstance.py:1159} INFO - Dependencies all met for dep_context=requeueable deps ti=<TaskInstance: sample_dag.print_hello_task scheduled__2023-09-06T00:00:00+00:00 [queued]>
[2023-09-07T10:36:36.087+0900] {taskinstance.py:1361} INFO - Starting attempt 1 of 1
[2023-09-07T10:36:36.092+0900] {taskinstance.py:1382} INFO - Executing <Task(PythonOperator): print_hello_task> on 2023-09-06 00:00:00+00:00
[2023-09-07T10:36:36.094+0900] {standard_task_runner.py:57} INFO - Started process 17622 to run task
[2023-09-07T10:36:36.097+0900] {standard_task_runner.py:84} INFO - Running: ['airflow', 'tasks', 'run', 'sample_dag', 'print_hello_task', 'scheduled__2023-09-06T00:00:00+00:00', '--job-id', '45', '--raw', '--subdir', 'DAGS_FOLDER/my_first_dag.py', '--cfg-path', '/var/folders/6z/txp71s3x4xdgbkrqmmm6vvrc0000gn/T/tmpeu2njc_r']
[2023-09-07T10:36:36.098+0900] {standard_task_runner.py:85} INFO - Job 45: Subtask print_hello_task
[2023-09-07T10:36:36.131+0900] {task_command.py:415} INFO - Running <TaskInstance: sample_dag.print_hello_task scheduled__2023-09-06T00:00:00+00:00 [running]> on host sangwanui-macbookpro.local
[2023-09-07T10:36:36.307+0900] {taskinstance.py:1660} INFO - Exporting env vars: AIRFLOW_CTX_DAG_OWNER='airflow' AIRFLOW_CTX_DAG_ID='sample_dag' AIRFLOW_CTX_TASK_ID='print_hello_task' AIRFLOW_CTX_EXECUTION_DATE='2023-09-06T00:00:00+00:00' AIRFLOW_CTX_TRY_NUMBER='1' AIRFLOW_CTX_DAG_RUN_ID='scheduled__2023-09-06T00:00:00+00:00'
[2023-09-07T10:36:36.307+0900] {logging_mixin.py:151} INFO - What's up Airflow!
[2023-09-07T10:36:36.307+0900] {python.py:194} INFO - Done. Returned value was: None
[2023-09-07T10:36:36.309+0900] {taskinstance.py:1400} INFO - Marking task as SUCCESS. dag_id=sample_dag, task_id=print_hello_task, execution_date=20230906T000000, start_date=20230907T013636, end_date=20230907T013636
[2023-09-07T10:36:36.329+0900] {local_task_job_runner.py:228} INFO - Task exited with return code 0
[2023-09-07T10:36:36.335+0900] {taskinstance.py:2784} INFO - 0 downstream tasks scheduled from follow-on schedule check
